Unable to find image 'cr.jaegertracing.io/jaegertracing/jaeger:2.14.0' locally
2.14.0: Pulling from jaegertracing/jaeger
1074353eec0d: Already exists
c015b7e7c6c0: Pulling fs layer
658c99b034da: Pulling fs layer
660050e3b95a: Pulling fs layer
d12aa7b4d4a9: Pulling fs layer
d12aa7b4d4a9: Waiting
c015b7e7c6c0: Verifying Checksum
c015b7e7c6c0: Download complete
658c99b034da: Verifying Checksum
658c99b034da: Download complete
d12aa7b4d4a9: Verifying Checksum
d12aa7b4d4a9: Download complete
660050e3b95a: Verifying Checksum
660050e3b95a: Download complete
c015b7e7c6c0: Pull complete
658c99b034da: Pull complete
660050e3b95a: Pull complete
d12aa7b4d4a9: Pull complete
Digest: sha256:7da6b6e878760315130de8799887ebff012efaa18af2e20112c07feddeda7d52
Status: Downloaded newer image for cr.jaegertracing.io/jaegertracing/jaeger:2.14.0
